TN:
SF:C:\Users\Demo\Documents\GitHub\angular-cron-jobs\src\angular-cron-jobs.tpls.js
FN:3,(anonymous_1)
FNF:1
FNH:1
FNDA:21,(anonymous_1)
DA:1,1
DA:3,1
DA:4,21
LF:3
LH:3
BRF:0
BRH:0
end_of_record
TN:
SF:C:\Users\Demo\Documents\GitHub\angular-cron-jobs\src\cronSelection.js
FN:5,(anonymous_1)
FN:16,(anonymous_2)
FN:19,(anonymous_3)
FN:45,(anonymous_4)
FN:82,(anonymous_5)
FN:95,setInitialValuesForBase
FN:120,(anonymous_7)
FN:121,(anonymous_8)
FN:143,(anonymous_9)
FN:144,(anonymous_10)
FN:166,(anonymous_11)
FN:167,(anonymous_12)
FN:184,(anonymous_13)
FN:190,(anonymous_14)
FN:191,(anonymous_15)
FN:201,(anonymous_16)
FN:204,(anonymous_17)
FN:205,(anonymous_18)
FN:208,(anonymous_19)
FNF:19
FNH:17
FNDA:10,(anonymous_1)
FNDA:10,(anonymous_2)
FNDA:10,(anonymous_3)
FNDA:19,(anonymous_4)
FNDA:18,(anonymous_5)
FNDA:0,setInitialValuesForBase
FNDA:10,(anonymous_7)
FNDA:1426,(anonymous_8)
FNDA:10,(anonymous_9)
FNDA:552,(anonymous_10)
FNDA:10,(anonymous_11)
FNDA:322,(anonymous_12)
FNDA:10,(anonymous_13)
FNDA:50,(anonymous_14)
FNDA:50,(anonymous_15)
FNDA:10,(anonymous_16)
FNDA:50,(anonymous_17)
FNDA:0,(anonymous_18)
FNDA:70,(anonymous_19)
DA:3,1
DA:5,1
DA:6,10
DA:17,10
DA:21,10
DA:23,10
DA:25,10
DA:45,10
DA:46,19
DA:47,9
DA:48,9
DA:49,10
DA:50,0
DA:54,10
DA:55,10
DA:56,10
DA:57,10
DA:58,10
DA:59,10
DA:60,10
DA:61,10
DA:62,50
DA:63,10
DA:69,10
DA:70,10
DA:72,0
DA:76,10
DA:77,10
DA:78,10
DA:79,10
DA:80,10
DA:82,10
DA:83,18
DA:84,9
DA:85,0
DA:86,9
DA:87,2
DA:90,9
DA:91,9
DA:95,1
DA:96,0
DA:98,0
DA:99,0
DA:102,0
DA:103,0
DA:106,0
DA:107,0
DA:110,0
DA:111,0
DA:114,0
DA:115,0
DA:121,10
DA:122,1426
DA:124,46
DA:126,46
DA:128,46
DA:130,46
DA:132,46
DA:134,46
DA:136,46
DA:138,0
DA:140,1104
DA:144,10
DA:145,552
DA:160,552
DA:161,552
DA:163,0
DA:167,10
DA:168,322
DA:178,322
DA:179,322
DA:181,0
DA:185,10
DA:191,50
DA:192,50
DA:193,50
DA:195,0
DA:202,10
DA:205,50
DA:206,0
DA:208,50
DA:209,70
LF:82
LH:63
BRDA:17,1,0,10
BRDA:17,1,1,10
BRDA:46,2,0,9
BRDA:46,2,1,10
BRDA:46,3,0,19
BRDA:46,3,1,10
BRDA:49,4,0,0
BRDA:49,4,1,10
BRDA:54,5,0,10
BRDA:54,5,1,0
BRDA:54,6,0,10
BRDA:54,6,1,10
BRDA:55,7,0,10
BRDA:55,7,1,0
BRDA:60,8,0,10
BRDA:60,8,1,0
BRDA:62,9,0,10
BRDA:62,9,1,40
BRDA:69,10,0,10
BRDA:69,10,1,0
BRDA:83,11,0,9
BRDA:83,11,1,9
BRDA:84,12,0,0
BRDA:84,12,1,9
BRDA:84,13,0,9
BRDA:84,13,1,9
BRDA:84,13,2,9
BRDA:84,13,3,2
BRDA:84,13,4,7
BRDA:86,14,0,2
BRDA:86,14,1,7
BRDA:86,15,0,9
BRDA:86,15,1,9
BRDA:86,15,2,9
BRDA:86,15,3,2
BRDA:98,16,0,0
BRDA:98,16,1,0
BRDA:102,17,0,0
BRDA:102,17,1,0
BRDA:106,18,0,0
BRDA:106,18,1,0
BRDA:110,19,0,0
BRDA:110,19,1,0
BRDA:114,20,0,0
BRDA:114,20,1,0
BRDA:122,21,0,46
BRDA:122,21,1,46
BRDA:122,21,2,46
BRDA:122,21,3,46
BRDA:122,21,4,46
BRDA:122,21,5,46
BRDA:122,21,6,46
BRDA:122,21,7,0
BRDA:122,21,8,1104
BRDA:160,22,0,552
BRDA:160,22,1,0
BRDA:160,23,0,552
BRDA:160,23,1,552
BRDA:178,24,0,322
BRDA:178,24,1,0
BRDA:178,25,0,322
BRDA:178,25,1,322
BRDA:192,26,0,50
BRDA:192,26,1,0
BRF:64
BRH:44
end_of_record
TN:
SF:C:\Users\Demo\Documents\GitHub\angular-cron-jobs\src\cronService.js
FN:12,(anonymous_1)
FN:15,(anonymous_2)
FN:41,(anonymous_3)
FNF:3
FNH:3
FNDA:21,(anonymous_1)
FNDA:16,(anonymous_2)
FNDA:20,(anonymous_3)
DA:3,1
DA:13,21
DA:15,21
DA:17,16
DA:19,16
DA:20,14
DA:23,16
DA:24,10
DA:27,16
DA:28,2
DA:31,16
DA:32,6
DA:35,16
DA:36,4
DA:38,16
DA:41,21
DA:42,20
DA:43,20
DA:45,20
DA:46,1
DA:47,19
DA:48,6
DA:49,13
DA:50,3
DA:51,10
DA:52,3
DA:53,7
DA:54,3
DA:55,4
DA:56,4
DA:59,20
DA:61,19
DA:62,16
DA:63,21
DA:64,16
DA:66,3
DA:69,20
DA:71,13
DA:72,11
DA:73,13
DA:74,11
DA:76,2
DA:79,20
DA:81,7
DA:82,7
DA:83,9
DA:84,7
DA:86,0
DA:89,20
DA:91,4
DA:92,4
DA:93,6
DA:94,4
DA:96,0
DA:99,20
DA:101,3
DA:102,2
DA:103,3
DA:104,2
DA:106,1
DA:109,20
DA:111,21
LF:62
LH:60
BRDA:19,1,0,14
BRDA:19,1,1,2
BRDA:19,2,0,16
BRDA:19,2,1,16
BRDA:19,2,2,16
BRDA:20,3,0,14
BRDA:20,3,1,0
BRDA:23,4,0,10
BRDA:23,4,1,6
BRDA:23,5,0,16
BRDA:23,5,1,16
BRDA:23,5,2,16
BRDA:24,6,0,10
BRDA:24,6,1,0
BRDA:27,7,0,2
BRDA:27,7,1,14
BRDA:27,8,0,16
BRDA:27,8,1,16
BRDA:27,8,2,16
BRDA:31,9,0,6
BRDA:31,9,1,10
BRDA:31,10,0,16
BRDA:31,10,1,16
BRDA:31,10,2,16
BRDA:32,11,0,6
BRDA:32,11,1,0
BRDA:35,12,0,4
BRDA:35,12,1,12
BRDA:35,13,0,16
BRDA:35,13,1,16
BRDA:35,13,2,16
BRDA:36,14,0,4
BRDA:36,14,1,0
BRDA:45,15,0,1
BRDA:45,15,1,19
BRDA:45,16,0,20
BRDA:45,16,1,1
BRDA:45,16,2,1
BRDA:45,16,3,1
BRDA:45,16,4,1
BRDA:47,17,0,6
BRDA:47,17,1,13
BRDA:47,18,0,19
BRDA:47,18,1,6
BRDA:47,18,2,6
BRDA:47,18,3,6
BRDA:49,19,0,3
BRDA:49,19,1,10
BRDA:49,20,0,13
BRDA:49,20,1,6
BRDA:49,20,2,6
BRDA:51,21,0,3
BRDA:51,21,1,7
BRDA:51,22,0,10
BRDA:51,22,1,3
BRDA:53,23,0,3
BRDA:53,23,1,4
BRDA:53,24,0,7
BRDA:53,24,1,3
BRDA:55,25,0,4
BRDA:55,25,1,0
BRDA:59,26,0,19
BRDA:59,26,1,1
BRDA:61,27,0,16
BRDA:61,27,1,3
BRDA:69,28,0,13
BRDA:69,28,1,7
BRDA:71,29,0,11
BRDA:71,29,1,2
BRDA:79,30,0,7
BRDA:79,30,1,13
BRDA:81,31,0,7
BRDA:81,31,1,0
BRDA:89,32,0,4
BRDA:89,32,1,16
BRDA:91,33,0,4
BRDA:91,33,1,0
BRDA:99,34,0,3
BRDA:99,34,1,17
BRDA:101,35,0,2
BRDA:101,35,1,1
BRF:81
BRH:74
end_of_record
